//
// 2020-12-31, jjuiddong
// cluster synchronize protocol
//	- websocket communication
//		- json/binary format
//	- cluster info, robot info sync
//
//	-    cluster     <->   center web server
//       (Client)             (Server)
//


protocol s2c 8000 json
{

}


protocol c2s 8100 json
{
	SpawnRobot(string robotName, string modelName);
	RemoveRobot(string robotName);
	RobotWorkFinish(string robotName, uint taskId, uint totalWorkCount, uint finishWorkCount);
	RealtimeRobotState(string robotName, BYTE state1, BYTE state2
		, BYTE state3, BYTE state4, Vector3 pos, Vector3 dir );
}


// custom type
type Vector3 {
	float x;
	float y;
	float z;
}
