//
// 2020-12-25, jjuiddong
// control server protocol
//	- websocket communication
//	- json/binary format
//	- control server <-> webserver protocol
//       (client)            (server)
//


// webserver -> control server
protocol s2c 6000 json
{
	Welcome(string msg);
	AckLogin(string name, int result);
	AckLogout(string name, int result);
	ReqStartCluster(string name, string url, string projectName, string mapFileName
		, string pathFileName, vector<string> nodeFileNames, string taskName);
	ReqCloseCluster(string name);
}



// control server -> webserver
protocol c2s 6100 json
{
	ReqLogin(string name);
	ReqLogout(string name);
	AckStartCluster(string name, string url, int result);
	AckCloseCluster(string name, int result);
	RealtimeRobotState(string robotName, BYTE state1, BYTE state2
		, BYTE state3, BYTE state4, Vector3 pos);
}


// custom type
struct Vector3 
{
	float x;
	float y;
	float z;
}
