//
// 2021-09-07, jjuiddong
// web relay protocol
//	- websocket communication
//	- connect server, client with web server
//	- json/binary format
//	- control server <-> web relay server
//       (client)         (server)
//


// web server -> client
protocol s2c 12000 json
{
	Welcome(string msg);
	AckLogin(string name, int type, int result);
	AckLogout(string name, int result);
	ReqStartInstance(string name, string url);
	ReqCloseInstance(string name);
	ReqConnectProxyServer(string url, string name);
	ReqPing(int id);
}



// client -> webserver
protocol c2s 12100 json
{
	ReqLogin(string name, int type);
	ReqLogout(string name);
	AckStartInstance(string name, string url, int result);
	AckCloseInstance(string name, int result);
	AckConnectProxyServer(string url, string name, int result);
	AckPing(int id);
}

